-------------------------------------------------------------------------------
Test set: com.browserstack.run_parallel_test.ParallelTest
-------------------------------------------------------------------------------
Tests run: 2, Failures: 0, Errors: 2, Skipped: 0, Time elapsed: 1.986 s <<< FAILURE! - in com.browserstack.run_parallel_test.ParallelTest
test{int}[1]  Time elapsed: 1.895 s  <<< ERROR!
org.openqa.selenium.SessionNotCreatedException: 
Unable to create a new remote session. Please check the server log for more details. Original error: Invalid username or password (WARNING: The server did not provide any stacktrace information)
Command duration or timeout: 1.40 seconds
Build info: version: '3.141.59', revision: 'e82be7d358', time: '2018-11-14T08:17:03'
System info: host: 'LAPTOP-VIJ7KV3T', ip: '192.168.1.47', os.name: 'Windows 11', os.arch: 'amd64', os.version: '10.0', java.version: '17.0.5'
Driver info: driver.version: AndroidDriver
Build info: version: '3.141.59', revision: 'e82be7d358', time: '2018-11-14T08:17:03'
System info: host: 'LAPTOP-VIJ7KV3T', ip: '192.168.1.47', os.name: 'Windows 11', os.arch: 'amd64', os.version: '10.0', java.version: '17.0.5'
Driver info: driver.version: AndroidDriver
	at com.browserstack.run_parallel_test.ParallelTest.test(ParallelTest.java:21)
Caused by: java.lang.reflect.InvocationTargetException
	at com.browserstack.run_parallel_test.ParallelTest.test(ParallelTest.java:21)
Caused by: org.openqa.selenium.WebDriverException: 
Invalid username or password (WARNING: The server did not provide any stacktrace information)
Command duration or timeout: 1.40 seconds
Build info: version: '3.141.59', revision: 'e82be7d358', time: '2018-11-14T08:17:03'
System info: host: 'LAPTOP-VIJ7KV3T', ip: '192.168.1.47', os.name: 'Windows 11', os.arch: 'amd64', os.version: '10.0', java.version: '17.0.5'
Driver info: driver.version: AndroidDriver
	at com.browserstack.run_parallel_test.ParallelTest.test(ParallelTest.java:21)

test{int}[2]  Time elapsed: 1.895 s  <<< ERROR!
org.openqa.selenium.SessionNotCreatedException: 
Unable to create a new remote session. Please check the server log for more details. Original error: Invalid username or password (WARNING: The server did not provide any stacktrace information)
Command duration or timeout: 1.39 seconds
Build info: version: '3.141.59', revision: 'e82be7d358', time: '2018-11-14T08:17:03'
System info: host: 'LAPTOP-VIJ7KV3T', ip: '192.168.1.47', os.name: 'Windows 11', os.arch: 'amd64', os.version: '10.0', java.version: '17.0.5'
Driver info: driver.version: AndroidDriver
Build info: version: '3.141.59', revision: 'e82be7d358', time: '2018-11-14T08:17:03'
System info: host: 'LAPTOP-VIJ7KV3T', ip: '192.168.1.47', os.name: 'Windows 11', os.arch: 'amd64', os.version: '10.0', java.version: '17.0.5'
Driver info: driver.version: AndroidDriver
	at com.browserstack.run_parallel_test.ParallelTest.test(ParallelTest.java:21)
Caused by: java.lang.reflect.InvocationTargetException
	at com.browserstack.run_parallel_test.ParallelTest.test(ParallelTest.java:21)
Caused by: org.openqa.selenium.WebDriverException: 
Invalid username or password (WARNING: The server did not provide any stacktrace information)
Command duration or timeout: 1.39 seconds
Build info: version: '3.141.59', revision: 'e82be7d358', time: '2018-11-14T08:17:03'
System info: host: 'LAPTOP-VIJ7KV3T', ip: '192.168.1.47', os.name: 'Windows 11', os.arch: 'amd64', os.version: '10.0', java.version: '17.0.5'
Driver info: driver.version: AndroidDriver
	at com.browserstack.run_parallel_test.ParallelTest.test(ParallelTest.java:21)

